16:28:15 [info]: Waiting for Login Page appearance
16:28:15 [info]: Is Login Page displayed ?
16:28:15 [info]: Is Sign in Button displayed?
16:28:49 [info]: Waiting for Login Page appearance
16:28:49 [info]: Is Login Page displayed ?
16:28:49 [info]: Is Sign in Button displayed?
16:29:31 [info]: Waiting for Login Page appearance
16:29:31 [info]: Is Login Page displayed ?
16:29:31 [info]: Is Sign in Button displayed?
16:29:31 [info]: Clicking on Sign in Button
16:40:34 [info]: Waiting for Login Page appearance
16:40:34 [info]: Is Login Page displayed ?
16:40:34 [info]: Is Sign in Button displayed?
16:40:34 [info]: Clicking on Sign in Button
16:40:34 [info]: Waiting for Authorization Form appearance
16:40:34 [info]: Is Authorization Form displayed ?
16:40:34 [info]: Is Login input displayed?
16:40:34 [info]: Setting +375291660762 in Login input element
16:45:28 [info]: Waiting for Login Page appearance
16:45:28 [info]: Is Login Page displayed ?
16:45:28 [info]: Is Sign in Button displayed?
16:45:28 [info]: Clicking on Sign in Button
16:45:29 [info]: Waiting for Authorization Form appearance
16:45:29 [info]: Is Authorization Form displayed ?
16:45:29 [info]: Is Login input displayed?
16:45:29 [info]: Setting +375291660762 in Login input element
16:45:29 [info]: Clicking on Continue submit button
16:49:22 [info]: Waiting for Login Page appearance
16:49:22 [info]: Is Login Page displayed ?
16:49:22 [info]: Is Sign in Button displayed?
16:49:22 [info]: Clicking on Sign in Button
16:49:22 [info]: Waiting for Authorization Form appearance
16:49:22 [info]: Is Authorization Form displayed ?
16:49:22 [info]: Is Login input displayed?
16:49:22 [info]: Setting +375291660762 in Login input element
16:49:22 [info]: Clicking on Continue submit button
16:49:22 [info]: Setting PuV6j_.2&$m9h?UYY in Password input element
16:50:58 [info]: Waiting for Login Page appearance
16:50:58 [info]: Is Login Page displayed ?
16:50:58 [info]: Is Sign in Button displayed?
16:50:58 [info]: Clicking on Sign in Button
16:50:58 [info]: Waiting for Authorization Form appearance
16:50:58 [info]: Is Authorization Form displayed ?
16:50:58 [info]: Is Login input displayed?
16:50:58 [info]: Setting +375291660762 in Login input element
16:50:58 [info]: Clicking on Continue submit button
16:50:58 [info]: Setting PuV6j_.2&$m9h?UYY in Password input element
16:50:59 [info]: Clicking on Continue submit button
16:51:21 [info]: Waiting for Login Page appearance
16:51:21 [info]: Is Login Page displayed ?
16:51:21 [info]: Is Sign in Button displayed?
16:51:21 [info]: Clicking on Sign in Button
16:51:22 [info]: Waiting for Authorization Form appearance
16:51:22 [info]: Is Authorization Form displayed ?
16:51:22 [info]: Is Login input displayed?
16:51:22 [info]: Setting +375291660762 in Login input element
16:51:22 [info]: Clicking on Continue submit button
16:51:22 [info]: Setting PuV6j_.2&$m9h?UYY in Password input element
16:51:23 [info]: Clicking on Continue submit button
17:56:24 [info]: Waiting for Login Page appearance
17:56:24 [info]: Is Login Page displayed ?
17:56:24 [info]: Is Sign in Button displayed?
17:56:24 [info]: Clicking on Sign in Button
17:56:25 [info]: Waiting for Authorization Form appearance
17:56:25 [info]: Is Authorization Form displayed ?
17:56:25 [info]: Is Login input displayed?
17:56:25 [info]: Setting +375291660762 in Login input element
17:56:25 [info]: Clicking on Continue submit button
17:56:25 [info]: Setting PuV6j_.2&$m9h?UYY in Password input element
17:56:26 [info]: Clicking on Continue submit button
17:56:26 [info]: Waiting for Feed Page appearance
17:56:28 [info]: Is Feed Page displayed ?
17:56:28 [info]: Is Feed Page is opened indicator displayed?
17:56:28 [info]: Clicking on My Page link
13:26:07 [info]: Waiting for Login Page appearance
13:26:07 [info]: Is Login Page displayed ?
13:26:07 [info]: Is Sign in Button displayed?
13:26:07 [info]: Clicking on Sign in Button
13:26:08 [info]: Waiting for Authorization Form appearance
13:26:08 [info]: Is Authorization Form displayed ?
13:26:08 [info]: Is Login input displayed?
13:26:08 [info]: Setting +375291660762 in Login input element
13:26:08 [info]: Clicking on Continue submit button
13:26:08 [info]: Setting PuV6j_.2&$m9h?UYY in Password input element
13:26:08 [info]: Clicking on Continue submit button
13:26:08 [info]: Waiting for Feed Page appearance
13:26:11 [info]: Is Feed Page displayed ?
13:26:11 [info]: Is Feed Page is opened indicator displayed?
13:26:11 [info]: Clicking on My Page link
15:24:05 [info]: Waiting for Login Page appearance
15:24:05 [info]: Is Login Page displayed ?
15:24:05 [info]: Is Sign in Button displayed?
15:24:05 [info]: Clicking on Sign in Button
15:24:05 [info]: Waiting for Authorization Form appearance
15:24:05 [info]: Is Authorization Form displayed ?
15:24:05 [info]: Is Login input displayed?
15:24:05 [info]: Setting +375291660762 in Login input element
15:24:06 [info]: Clicking on Continue submit button
15:24:06 [info]: Setting PuV6j_.2&$m9h?UYY in Password input element
15:24:06 [info]: Clicking on Continue submit button
15:24:06 [info]: Waiting for Feed Page appearance
15:24:09 [info]: Is Feed Page displayed ?
15:24:09 [info]: Is Feed Page is opened indicator displayed?
15:24:09 [info]: Clicking on My Page link
18:43:56 [info]: Waiting for Login Page appearance
18:43:56 [info]: Is Login Page displayed ?
18:43:56 [info]: Is Sign in Button displayed?
18:43:56 [info]: Clicking on Sign in Button
18:43:57 [info]: Waiting for Authorization Form appearance
18:43:57 [info]: Is Authorization Form displayed ?
18:43:57 [info]: Is Login input displayed?
18:43:57 [info]: Setting +375291660762 in Login input element
18:43:57 [info]: Clicking on Continue submit button
18:43:57 [info]: Setting PuV6j_.2&$m9h?UYY in Password input element
18:43:57 [info]: Clicking on Continue submit button
18:43:57 [info]: Waiting for Feed Page appearance
18:44:01 [info]: Is Feed Page displayed ?
18:44:01 [info]: Is Feed Page is opened indicator displayed?
18:44:01 [info]: Clicking on My Page link
18:45:14 [info]: Waiting for Login Page appearance
18:45:14 [info]: Is Login Page displayed ?
18:45:14 [info]: Is Sign in Button displayed?
18:45:14 [info]: Clicking on Sign in Button
18:45:15 [info]: Waiting for Authorization Form appearance
18:45:15 [info]: Is Authorization Form displayed ?
18:45:15 [info]: Is Login input displayed?
18:45:15 [info]: Setting +375291660762 in Login input element
18:45:15 [info]: Clicking on Continue submit button
18:45:15 [info]: Setting PuV6j_.2&$m9h?UYY in Password input element
18:45:15 [info]: Clicking on Continue submit button
18:45:15 [info]: Waiting for Feed Page appearance
18:45:18 [info]: Is Feed Page displayed ?
18:45:18 [info]: Is Feed Page is opened indicator displayed?
18:45:18 [info]: Clicking on My Page link
